<?xml version="1.0" encoding="UTF-8"?>
<coverage generated="1574215366955" clover="3.2.0">
  <project timestamp="1574215366955" name="All files">
    <metrics statements="11" coveredstatements="11" conditionals="0" coveredconditionals="0" methods="4" coveredmethods="4" elements="15" coveredelements="15" complexity="0" loc="11" ncloc="11" packages="1" files="2" classes="2"/>
    <file name="app.controller.ts" path="/home/felipe/dev/nest/nest-studies/src/app.controller.ts">
      <metrics statements="8" coveredstatements="8" conditionals="0" coveredconditionals="0" methods="3" coveredmethods="3"/>
      <line num="1" count="1" type="stmt"/>
      <line num="2" count="1" type="stmt"/>
      <line num="5" count="1" type="stmt"/>
      <line num="6" count="2" type="stmt"/>
      <line num="9" count="1" type="stmt"/>
      <line num="10" count="1" type="stmt"/>
      <line num="14" count="1" type="stmt"/>
      <line num="15" count="1" type="stmt"/>
    </file>
    <file name="app.service.ts" path="/home/felipe/dev/nest/nest-studies/src/app.service.ts">
      <metrics statements="3" coveredstatements="3" conditionals="0" coveredconditionals="0" methods="1" coveredmethods="1"/>
      <line num="1" count="1" type="stmt"/>
      <line num="4" count="1" type="stmt"/>
      <line num="6" count="2" type="stmt"/>
    </file>
  </project>
</coverage>
